<?xml version="1.0" encoding="UTF-8"?>
<!-- Generated by org.testng.reporters.JUnitXMLReporter -->
<testsuite ignored="6" hostname="DESKTOP-GLTDHMS" failures="0" tests="7" name="Test" time="85.407" errors="0" timestamp="2023-05-15T14:47:01 IST">
  <testcase classname="TestCases.VerifyRegester" name="EmptyCredencialsRegester" time="2.0"/>
  <testcase classname="TestCases.VerifyRegester" name="Regester" time="2.712"/>
  <testcase classname="TestCases.VerifyRegester" name="InvalidRegester" time="1.828"/>
  <testcase classname="TestCases.VerifyRegester" name="ValidRegesteration" time="3.192"/>
  <testcase classname="TestCases.VerifyLogin" name="Validlogin" time="2.332"/>
  <testcase classname="TestCases.verifyProfuctPrice" name="ProductVerify" time="4.813"/>
  <testcase classname="TestCases.VerifyTabs" name="tabVerification" time="9.174"/>
  <testcase classname="Resources.baseClass" name="@BeforeTest ExtentReport" time="0.0">
    <ignored/>
  </testcase> <!-- @BeforeTest ExtentReport -->
  <testcase classname="Resources.baseClass" name="@BeforeTest ExtentReport" time="0.0">
    <ignored/>
  </testcase> <!-- @BeforeTest ExtentReport -->
  <testcase classname="Resources.baseClass" name="@BeforeTest ExtentReport" time="0.0">
    <ignored/>
  </testcase> <!-- @BeforeTest ExtentReport -->
  <testcase classname="Resources.baseClass" name="@AfterTest endReport" time="0.0">
    <ignored/>
  </testcase> <!-- @AfterTest endReport -->
  <testcase classname="Resources.baseClass" name="@AfterTest endReport" time="0.0">
    <ignored/>
  </testcase> <!-- @AfterTest endReport -->
  <testcase classname="Resources.baseClass" name="@AfterTest endReport" time="0.0">
    <ignored/>
  </testcase> <!-- @AfterTest endReport -->
</testsuite> <!-- Test -->
