<?xml version="1.0" encoding="UTF-8"?>
<!-- Generated by org.testng.reporters.JUnitXMLReporter -->
<testsuite ignored="6" hostname="DESKTOP-GLTDHMS" failures="0" tests="7" name="Test" time="65.977" errors="0" timestamp="2023-05-24T15:40:03 IST">
  <testcase classname="TestCases.VerifyRegester" name="EmptyCredencialsRegester" time="1.915"/>
  <testcase classname="TestCases.VerifyRegester" name="Regester" time="2.099"/>
  <testcase classname="TestCases.VerifyRegester" name="InvalidRegester" time="1.424"/>
  <testcase classname="TestCases.VerifyRegester" name="ValidRegesteration" time="2.756"/>
  <testcase classname="TestCases.VerifyLogin" name="Validlogin" time="2.675"/>
  <testcase classname="TestCases.verifyProfuctPrice" name="ProductVerify" time="4.282"/>
  <testcase classname="TestCases.VerifyTabs" name="tabVerification" time="6.931"/>
  <testcase classname="Resources.baseClass" name="@BeforeTest ExtentReport" time="0.0">
    <ignored/>
  </testcase> <!-- @BeforeTest ExtentReport -->
  <testcase classname="Resources.baseClass" name="@BeforeTest ExtentReport" time="0.0">
    <ignored/>
  </testcase> <!-- @BeforeTest ExtentReport -->
  <testcase classname="Resources.baseClass" name="@BeforeTest ExtentReport" time="0.0">
    <ignored/>
  </testcase> <!-- @BeforeTest ExtentReport -->
  <testcase classname="Resources.baseClass" name="@AfterTest endReport" time="0.0">
    <ignored/>
  </testcase> <!-- @AfterTest endReport -->
  <testcase classname="Resources.baseClass" name="@AfterTest endReport" time="0.0">
    <ignored/>
  </testcase> <!-- @AfterTest endReport -->
  <testcase classname="Resources.baseClass" name="@AfterTest endReport" time="0.0">
    <ignored/>
  </testcase> <!-- @AfterTest endReport -->
</testsuite> <!-- Test -->
