<?xml version="1.0" encoding="UTF-8"?>
<testng-results ignored="6" total="13" passed="7" failed="0" skipped="0">
  <reporter-output>
  </reporter-output>
  <suite started-at="2023-05-24T15:38:57 IST" name="Suite" finished-at="2023-05-24T15:40:03 IST" duration-ms="65977">
    <groups>
    </groups>
    <test started-at="2023-05-24T15:38:57 IST" name="Test" finished-at="2023-05-24T15:40:03 IST" duration-ms="65977">
      <class name="TestCases.VerifyRegester">
        <test-method is-config="true" signature="ExtentReport()[pri:0, instance:TestCases.VerifyRegester@515aebb0]" started-at="2023-05-24T15:38:57 IST" name="ExtentReport" finished-at="2023-05-24T15:38:57 IST" duration-ms="321" status="PASS">
          <reporter-output>
          </reporter-output>
        </test-method> <!-- ExtentReport -->
        <test-method is-config="true" signature="LaunchBrowser()[pri:0, instance:TestCases.VerifyRegester@515aebb0]" started-at="2023-05-24T15:38:57 IST" name="LaunchBrowser" finished-at="2023-05-24T15:39:06 IST" duration-ms="9096" status="PASS">
          <reporter-output>
          </reporter-output>
        </test-method> <!-- LaunchBrowser -->
        <test-method signature="EmptyCredencialsRegester()[pri:0, instance:TestCases.VerifyRegester@515aebb0]" started-at="2023-05-24T15:39:06 IST" name="EmptyCredencialsRegester" finished-at="2023-05-24T15:39:08 IST" duration-ms="1915" status="PASS">
          <reporter-output>
          </reporter-output>
        </test-method> <!-- EmptyCredencialsRegester -->
        <test-method is-config="true" signature="quitBrowser()[pri:0, instance:TestCases.VerifyRegester@515aebb0]" started-at="2023-05-24T15:39:08 IST" name="quitBrowser" finished-at="2023-05-24T15:39:08 IST" duration-ms="214" status="PASS">
          <reporter-output>
          </reporter-output>
        </test-method> <!-- quitBrowser -->
        <test-method is-config="true" signature="LaunchBrowser()[pri:0, instance:TestCases.VerifyRegester@515aebb0]" started-at="2023-05-24T15:39:08 IST" name="LaunchBrowser" finished-at="2023-05-24T15:39:13 IST" duration-ms="5128" status="PASS">
          <reporter-output>
          </reporter-output>
        </test-method> <!-- LaunchBrowser -->
        <test-method signature="Regester()[pri:1, instance:TestCases.VerifyRegester@515aebb0]" started-at="2023-05-24T15:39:13 IST" name="Regester" finished-at="2023-05-24T15:39:15 IST" duration-ms="2099" status="PASS">
          <reporter-output>
          </reporter-output>
        </test-method> <!-- Regester -->
        <test-method is-config="true" signature="quitBrowser()[pri:0, instance:TestCases.VerifyRegester@515aebb0]" started-at="2023-05-24T15:39:15 IST" name="quitBrowser" finished-at="2023-05-24T15:39:16 IST" duration-ms="227" status="PASS">
          <reporter-output>
          </reporter-output>
        </test-method> <!-- quitBrowser -->
        <test-method is-config="true" signature="LaunchBrowser()[pri:0, instance:TestCases.VerifyRegester@515aebb0]" started-at="2023-05-24T15:39:16 IST" name="LaunchBrowser" finished-at="2023-05-24T15:39:22 IST" duration-ms="6063" status="PASS">
          <reporter-output>
          </reporter-output>
        </test-method> <!-- LaunchBrowser -->
        <test-method signature="InvalidRegester()[pri:2, instance:TestCases.VerifyRegester@515aebb0]" started-at="2023-05-24T15:39:22 IST" name="InvalidRegester" finished-at="2023-05-24T15:39:23 IST" duration-ms="1424" status="PASS">
          <reporter-output>
          </reporter-output>
        </test-method> <!-- InvalidRegester -->
        <test-method is-config="true" signature="quitBrowser()[pri:0, instance:TestCases.VerifyRegester@515aebb0]" started-at="2023-05-24T15:39:23 IST" name="quitBrowser" finished-at="2023-05-24T15:39:23 IST" duration-ms="196" status="PASS">
          <reporter-output>
          </reporter-output>
        </test-method> <!-- quitBrowser -->
        <test-method is-config="true" signature="LaunchBrowser()[pri:0, instance:TestCases.VerifyRegester@515aebb0]" started-at="2023-05-24T15:39:23 IST" name="LaunchBrowser" finished-at="2023-05-24T15:39:28 IST" duration-ms="5170" status="PASS">
          <reporter-output>
          </reporter-output>
        </test-method> <!-- LaunchBrowser -->
        <test-method signature="ValidRegesteration()[pri:3, instance:TestCases.VerifyRegester@515aebb0]" started-at="2023-05-24T15:39:28 IST" name="ValidRegesteration" finished-at="2023-05-24T15:39:31 IST" duration-ms="2756" status="PASS">
          <reporter-output>
          </reporter-output>
        </test-method> <!-- ValidRegesteration -->
        <test-method is-config="true" signature="quitBrowser()[pri:0, instance:TestCases.VerifyRegester@515aebb0]" started-at="2023-05-24T15:39:31 IST" name="quitBrowser" finished-at="2023-05-24T15:39:31 IST" duration-ms="195" status="PASS">
          <reporter-output>
          </reporter-output>
        </test-method> <!-- quitBrowser -->
        <test-method is-config="true" signature="endReport()[pri:0, instance:TestCases.VerifyRegester@515aebb0]" started-at="2023-05-24T15:40:02 IST" name="endReport" finished-at="2023-05-24T15:40:03 IST" duration-ms="497" status="PASS">
          <reporter-output>
          </reporter-output>
        </test-method> <!-- endReport -->
      </class> <!-- TestCases.VerifyRegester -->
      <class name="TestCases.verifyProfuctPrice">
        <test-method is-config="true" signature="LaunchBrowser()[pri:0, instance:TestCases.verifyProfuctPrice@72d1ad2e]" started-at="2023-05-24T15:39:40 IST" name="LaunchBrowser" finished-at="2023-05-24T15:39:45 IST" duration-ms="5767" status="PASS">
          <reporter-output>
          </reporter-output>
        </test-method> <!-- LaunchBrowser -->
        <test-method signature="ProductVerify()[pri:0, instance:TestCases.verifyProfuctPrice@72d1ad2e]" started-at="2023-05-24T15:39:45 IST" name="ProductVerify" finished-at="2023-05-24T15:39:50 IST" duration-ms="4282" status="PASS">
          <reporter-output>
          </reporter-output>
        </test-method> <!-- ProductVerify -->
        <test-method is-config="true" signature="quitBrowser()[pri:0, instance:TestCases.verifyProfuctPrice@72d1ad2e]" started-at="2023-05-24T15:39:50 IST" name="quitBrowser" finished-at="2023-05-24T15:39:50 IST" duration-ms="221" status="PASS">
          <reporter-output>
          </reporter-output>
        </test-method> <!-- quitBrowser -->
      </class> <!-- TestCases.verifyProfuctPrice -->
      <class name="TestCases.VerifyTabs">
        <test-method is-config="true" signature="LaunchBrowser()[pri:0, instance:TestCases.VerifyTabs@2d7275fc]" started-at="2023-05-24T15:39:50 IST" name="LaunchBrowser" finished-at="2023-05-24T15:39:55 IST" duration-ms="5024" status="PASS">
          <reporter-output>
          </reporter-output>
        </test-method> <!-- LaunchBrowser -->
        <test-method signature="tabVerification()[pri:0, instance:TestCases.VerifyTabs@2d7275fc]" started-at="2023-05-24T15:39:55 IST" name="tabVerification" finished-at="2023-05-24T15:40:02 IST" duration-ms="6931" status="PASS">
          <reporter-output>
          </reporter-output>
        </test-method> <!-- tabVerification -->
        <test-method is-config="true" signature="quitBrowser()[pri:0, instance:TestCases.VerifyTabs@2d7275fc]" started-at="2023-05-24T15:40:02 IST" name="quitBrowser" finished-at="2023-05-24T15:40:02 IST" duration-ms="211" status="PASS">
          <reporter-output>
          </reporter-output>
        </test-method> <!-- quitBrowser -->
      </class> <!-- TestCases.VerifyTabs -->
      <class name="TestCases.VerifyLogin">
        <test-method is-config="true" signature="LaunchBrowser()[pri:0, instance:TestCases.VerifyLogin@595b007d]" started-at="2023-05-24T15:39:31 IST" name="LaunchBrowser" finished-at="2023-05-24T15:39:37 IST" duration-ms="5294" status="PASS">
          <reporter-output>
          </reporter-output>
        </test-method> <!-- LaunchBrowser -->
        <test-method signature="Validlogin()[pri:0, instance:TestCases.VerifyLogin@595b007d]" started-at="2023-05-24T15:39:37 IST" name="Validlogin" finished-at="2023-05-24T15:39:39 IST" duration-ms="2675" status="PASS">
          <reporter-output>
          </reporter-output>
        </test-method> <!-- Validlogin -->
        <test-method is-config="true" signature="quitBrowser()[pri:0, instance:TestCases.VerifyLogin@595b007d]" started-at="2023-05-24T15:39:39 IST" name="quitBrowser" finished-at="2023-05-24T15:39:40 IST" duration-ms="207" status="PASS">
          <reporter-output>
          </reporter-output>
        </test-method> <!-- quitBrowser -->
      </class> <!-- TestCases.VerifyLogin -->
    </test> <!-- Test -->
  </suite> <!-- Suite -->
</testng-results>
